<?xml version="1.0" encoding="UTF-8"?>
<testsuite xmlns:xsi="http://www.w3.org/2001/XMLSchema-instance" xsi:noNamespaceSchemaLocation="https://maven.apache.org/surefire/maven-surefire-plugin/xsd/surefire-test-report.xsd" name="com.zk.AppTest" time="0.06" tests="1" errors="0" skipped="0" failures="0">
  <properties>
    <property name="sun.desktop" value="windows"/>
    <property name="awt.toolkit" value="sun.awt.windows.WToolkit"/>
    <property name="file.encoding.pkg" value="sun.io"/>
    <property name="java.specification.version" value="1.8"/>
    <property name="sun.cpu.isalist" value="amd64"/>
    <property name="sun.jnu.encoding" value="GBK"/>
    <property name="java.class.path" value="C:\develop\code\self\gupao\rpc-zk\rpc-server-zk\rpc.server.core\target\test-classes;C:\develop\code\self\gupao\rpc-zk\rpc-server-zk\rpc.server.core\target\classes;C:\soft\dev\apache-maven-3.3.9\maven_repository\junit\junit\4.11\junit-4.11.jar;C:\soft\dev\apache-maven-3.3.9\maven_repository\org\hamcrest\hamcrest-core\1.3\hamcrest-core-1.3.jar;C:\develop\code\self\gupao\rpc-zk\rpc-server-zk\rpc.server.api\target\rpc.server.api-1.0-SNAPSHOT.jar;C:\soft\dev\apache-maven-3.3.9\maven_repository\org\springframework\spring-context\4.3.13.RELEASE\spring-context-4.3.13.RELEASE.jar;C:\soft\dev\apache-maven-3.3.9\maven_repository\org\springframework\spring-aop\4.3.13.RELEASE\spring-aop-4.3.13.RELEASE.jar;C:\soft\dev\apache-maven-3.3.9\maven_repository\org\springframework\spring-beans\4.3.13.RELEASE\spring-beans-4.3.13.RELEASE.jar;C:\soft\dev\apache-maven-3.3.9\maven_repository\org\springframework\spring-core\4.3.13.RELEASE\spring-core-4.3.13.RELEASE.jar;C:\soft\dev\apache-maven-3.3.9\maven_repository\commons-logging\commons-logging\1.2\commons-logging-1.2.jar;C:\soft\dev\apache-maven-3.3.9\maven_repository\org\springframework\spring-expression\4.3.13.RELEASE\spring-expression-4.3.13.RELEASE.jar;"/>
    <property name="java.vm.vendor" value="Oracle Corporation"/>
    <property name="sun.arch.data.model" value="64"/>
    <property name="user.variant" value=""/>
    <property name="java.vendor.url" value="http://java.oracle.com/"/>
    <property name="user.timezone" value="Asia/Shanghai"/>
    <property name="java.vm.specification.version" value="1.8"/>
    <property name="os.name" value="Windows 10"/>
    <property name="user.country" value="CN"/>
    <property name="sun.java.launcher" value="SUN_STANDARD"/>
    <property name="sun.boot.library.path" value="C:\soft\dev\jdk\jre\bin"/>
    <property name="sun.java.command" value="C:\Users\86182\AppData\Local\Temp\surefire8378654679267770630\surefirebooter7099578080060633446.jar C:\Users\86182\AppData\Local\Temp\surefire8378654679267770630 2020-03-01T19-32-19_918-jvmRun1 surefire8612187134971733499tmp surefire_16311946906164043256tmp"/>
    <property name="surefire.test.class.path" value="C:\develop\code\self\gupao\rpc-zk\rpc-server-zk\rpc.server.core\target\test-classes;C:\develop\code\self\gupao\rpc-zk\rpc-server-zk\rpc.server.core\target\classes;C:\soft\dev\apache-maven-3.3.9\maven_repository\junit\junit\4.11\junit-4.11.jar;C:\soft\dev\apache-maven-3.3.9\maven_repository\org\hamcrest\hamcrest-core\1.3\hamcrest-core-1.3.jar;C:\develop\code\self\gupao\rpc-zk\rpc-server-zk\rpc.server.api\target\rpc.server.api-1.0-SNAPSHOT.jar;C:\soft\dev\apache-maven-3.3.9\maven_repository\org\springframework\spring-context\4.3.13.RELEASE\spring-context-4.3.13.RELEASE.jar;C:\soft\dev\apache-maven-3.3.9\maven_repository\org\springframework\spring-aop\4.3.13.RELEASE\spring-aop-4.3.13.RELEASE.jar;C:\soft\dev\apache-maven-3.3.9\maven_repository\org\springframework\spring-beans\4.3.13.RELEASE\spring-beans-4.3.13.RELEASE.jar;C:\soft\dev\apache-maven-3.3.9\maven_repository\org\springframework\spring-core\4.3.13.RELEASE\spring-core-4.3.13.RELEASE.jar;C:\soft\dev\apache-maven-3.3.9\maven_repository\commons-logging\commons-logging\1.2\commons-logging-1.2.jar;C:\soft\dev\apache-maven-3.3.9\maven_repository\org\springframework\spring-expression\4.3.13.RELEASE\spring-expression-4.3.13.RELEASE.jar;"/>
    <property name="sun.cpu.endian" value="little"/>
    <property name="user.home" value="C:\Users\86182"/>
    <property name="user.language" value="zh"/>
    <property name="java.specification.vendor" value="Oracle Corporation"/>
    <property name="java.home" value="C:\soft\dev\jdk\jre"/>
    <property name="basedir" value="C:\develop\code\self\gupao\rpc-zk\rpc-server-zk\rpc.server.core"/>
    <property name="file.separator" value="\"/>
    <property name="line.separator" value="&#10;"/>
    <property name="java.vm.specification.vendor" value="Oracle Corporation"/>
    <property name="java.specification.name" value="Java Platform API Specification"/>
    <property name="java.awt.graphicsenv" value="sun.awt.Win32GraphicsEnvironment"/>
    <property name="surefire.real.class.path" value="C:\Users\86182\AppData\Local\Temp\surefire8378654679267770630\surefirebooter7099578080060633446.jar"/>
    <property name="sun.boot.class.path" value="C:\soft\dev\jdk\jre\lib\resources.jar;C:\soft\dev\jdk\jre\lib\rt.jar;C:\soft\dev\jdk\jre\lib\sunrsasign.jar;C:\soft\dev\jdk\jre\lib\jsse.jar;C:\soft\dev\jdk\jre\lib\jce.jar;C:\soft\dev\jdk\jre\lib\charsets.jar;C:\soft\dev\jdk\jre\lib\jfr.jar;C:\soft\dev\jdk\jre\classes"/>
    <property name="user.script" value=""/>
    <property name="sun.management.compiler" value="HotSpot 64-Bit Tiered Compilers"/>
    <property name="java.runtime.version" value="1.8.0_171-b11"/>
    <property name="user.name" value="86182"/>
    <property name="path.separator" value=";"/>
    <property name="os.version" value="10.0"/>
    <property name="java.endorsed.dirs" value="C:\soft\dev\jdk\jre\lib\endorsed"/>
    <property name="java.runtime.name" value="Java(TM) SE Runtime Environment"/>
    <property name="file.encoding" value="GBK"/>
    <property name="java.vm.name" value="Java HotSpot(TM) 64-Bit Server VM"/>
    <property name="localRepository" value="C:\soft\dev\apache-maven-3.3.9\maven_repository"/>
    <property name="java.vendor.url.bug" value="http://bugreport.sun.com/bugreport/"/>
    <property name="java.io.tmpdir" value="C:\Users\86182\AppData\Local\Temp\"/>
    <property name="java.version" value="1.8.0_171"/>
    <property name="user.dir" value="C:\develop\code\self\gupao\rpc-zk\rpc-server-zk\rpc.server.core"/>
    <property name="os.arch" value="amd64"/>
    <property name="java.vm.specification.name" value="Java Virtual Machine Specification"/>
    <property name="java.awt.printerjob" value="sun.awt.windows.WPrinterJob"/>
    <property name="sun.os.patch.level" value=""/>
    <property name="java.library.path" value="C:\soft\dev\jdk\jre\bin;C:\Windows\Sun\Java\bin;C:\Windows\system32;C:\Windows;C:\Program Files (x86)\Common Files\Oracle\Java\javapath;C:\Windows\system32;C:\Windows;C:\Windows\System32\Wbem;C:\Windows\System32\WindowsPowerShell\v1.0\;C:\Windows\System32\OpenSSH\;C:\soft\dev\Git\cmd;C:\Program Files\TortoiseGit\bin;C:\soft\dev\jdk\bin;C:\soft\dev\apache-maven-3.3.9\bin;C:\Program Files\Intel\WiFi\bin\;C:\Program Files\Common Files\Intel\WirelessCommon\;C:\Users\86182\AppData\Local\Microsoft\WindowsApps;C:\soft\userSoft\;."/>
    <property name="java.vm.info" value="mixed mode"/>
    <property name="java.vendor" value="Oracle Corporation"/>
    <property name="java.vm.version" value="25.171-b11"/>
    <property name="idea.version2019.3" value="true"/>
    <property name="java.ext.dirs" value="C:\soft\dev\jdk\jre\lib\ext;C:\Windows\Sun\Java\lib\ext"/>
    <property name="sun.io.unicode.encoding" value="UnicodeLittle"/>
    <property name="java.class.version" value="52.0"/>
  </properties>
  <testcase name="shouldAnswerWithTrue" classname="com.zk.AppTest" time="0.002"/>
</testsuite>